#
# There is insufficient memory for the Java Runtime Environment to continue.
# Native memory allocation (mmap) failed to map 117440512 bytes. Error detail: G1 virtual space
# Possible reasons:
#   The system is out of physical RAM or swap space
#   This process is running with CompressedOops enabled, and the Java Heap may be blocking the growth of the native heap
# Possible solutions:
#   Reduce memory load on the system
#   Increase physical memory or swap space
#   Check if swap backing store is full
#   Decrease Java heap size (-Xmx/-Xms)
#   Decrease number of Java threads
#   Decrease Java thread stack sizes (-Xss)
#   Set larger code cache with -XX:ReservedCodeCacheSize=
#   JVM is running with Unscaled Compressed Oops mode in which the Java heap is
#     placed in the first 4GB address space. The Java Heap base address is the
#     maximum limit for the native heap growth. Please use -XX:HeapBaseMinAddress
#     to set the Java Heap base and to place the Java Heap above 4GB virtual address.
# This output file may be truncated or incomplete.
#
#  Out of Memory Error (os_windows.cpp:3613), pid=7808, tid=31764
#
# JRE version:  (17.0.11+9) (build )
# Java VM: OpenJDK 64-Bit Server VM (17.0.11+9, mixed mode, sharing, tiered, compressed oops, compressed class ptrs, g1 gc, windows-amd64)
# No core dump will be written. Minidumps are not enabled by default on client versions of Windows
#

---------------  S U M M A R Y ------------

Command Line: -Dfile.encoding=UTF-8 -Dstdout.encoding=UTF-8 -Dstderr.encoding=UTF-8 -XX:+ShowCodeDetailsInExceptionMessages org.generation.italy.MacchinettaCibo

Host: AMD Ryzen 5 3500U with Radeon Vega Mobile Gfx  , 8 cores, 6G,  Windows 11 , 64 bit Build 22621 (10.0.22621.3374)
Time: Thu May 16 12:35:22 2024 ora legale Europa occidentale elapsed time: 0.024139 seconds (0d 0h 0m 0s)

---------------  T H R E A D  ---------------

Current thread (0x0000023c5cb1b560):  JavaThread "Unknown thread" [_thread_in_vm, id=31764, stack(0x0000005b85600000,0x0000005b85700000)]

Stack: [0x0000005b85600000,0x0000005b85700000]
Native frames: (J=compiled Java code, j=interpreted, Vv=VM code, C=native code)
V  [jvm.dll+0x67d429]
V  [jvm.dll+0x834b7a]
V  [jvm.dll+0x83663e]
V  [jvm.dll+0x836ca3]
V  [jvm.dll+0x247dbf]
V  [jvm.dll+0x67a269]
V  [jvm.dll+0x66ecda]
V  [jvm.dll+0x30797b]
V  [jvm.dll+0x30ee26]
V  [jvm.dll+0x35e80e]
V  [jvm.dll+0x35ea3f]
V  [jvm.dll+0x2de6b8]
V  [jvm.dll+0x2df624]
V  [jvm.dll+0x806531]
V  [jvm.dll+0x36c561]
V  [jvm.dll+0x7e4f56]
V  [jvm.dll+0x3efdcf]
V  [jvm.dll+0x3f1921]
C  [jli.dll+0x528f]
C  [ucrtbase.dll+0x29333]
C  [KERNEL32.DLL+0x1257d]
C  [ntdll.dll+0x5aa48]


---------------  P R O C E S S  ---------------

Threads class SMR info:
_java_thread_list=0x00007ffabf5eeed8, length=0, elements={
}

Java Threads: ( => current thread )

Other Threads:
  0x0000023c5cb6ff40 GCTaskThread "GC Thread#0" [stack: 0x0000005b85700000,0x0000005b85800000] [id=21248]
  0x0000023c5cb7f340 ConcurrentGCThread "G1 Main Marker" [stack: 0x0000005b85800000,0x0000005b85900000] [id=31756]
  0x0000023c5cb7fc70 ConcurrentGCThread "G1 Conc#0" [stack: 0x0000005b85900000,0x0000005b85a00000] [id=37752]

[error occurred during error reporting (printing all threads), id 0xc0000005, EXCEPTION_ACCESS_VIOLATION (0xc0000005) at pc=0x00007ffabedaf0f7]

VM state: not at safepoint (not fully initialized)

VM Mutex/Monitor currently owned by a thread:  ([mutex/lock_event])
[0x0000023c5c9530a0] Heap_lock - owner thread: 0x0000023c5cb1b560

Heap address: 0x0000000091000000, size: 1776 MB, Compressed Oops mode: 32-bit

CDS archive(s) mapped at: [0x0000000000000000-0x0000000000000000-0x0000000000000000), size 0, SharedBaseAddress: 0x0000000800000000, ArchiveRelocationMode: 1.
Narrow klass base: 0x0000000000000000, Narrow klass shift: 0, Narrow klass range: 0x0

GC Precious Log:
<Empty>

Heap:
 garbage-first heap   total 0K, used 0K [0x0000000091000000, 0x0000000100000000)
  region size 1024K, 0 young (0K), 0 survivors (0K)

[error occurred during error reporting (printing heap information), id 0xc0000005, EXCEPTION_ACCESS_VIOLATION (0xc0000005) at pc=0x00007ffabf1970c9]

GC Heap History (0 events):
No events

Dll operation events (1 events):
Event: 0.017 Loaded shared library C:\Users\stefa\.p2\pool\plugins\org.eclipse.justj.openjdk.hotspot.jre.full.win32.x86_64_17.0.11.v20240426-1830\jre\bin\java.dll

Deoptimization events (0 events):
No events

Classes unloaded (0 events):
No events

Classes redefined (0 events):
No events

Internal exceptions (0 events):
No events

VM Operations (0 events):
No events

Events (0 events):
No events


Dynamic libraries:
0x00007ff72ccc0000 - 0x00007ff72ccce000 	C:\Users\stefa\.p2\pool\plugins\org.eclipse.justj.openjdk.hotspot.jre.full.win32.x86_64_17.0.11.v20240426-1830\jre\bin\javaw.exe
0x00007ffb4f270000 - 0x00007ffb4f486000 	C:\WINDOWS\SYSTEM32\ntdll.dll
0x00007ffb4daa0000 - 0x00007ffb4db64000 	C:\WINDOWS\System32\KERNEL32.DLL
0x00007ffb4cbc0000 - 0x00007ffb4cf67000 	C:\WINDOWS\System32\KERNELBASE.dll
0x00007ffb4c7c0000 - 0x00007ffb4c8d1000 	C:\WINDOWS\System32\ucrtbase.dll
0x00007ffb47710000 - 0x00007ffb4772b000 	C:\Users\stefa\.p2\pool\plugins\org.eclipse.justj.openjdk.hotspot.jre.full.win32.x86_64_17.0.11.v20240426-1830\jre\bin\VCRUNTIME140.dll
0x00007ffb47730000 - 0x00007ffb47747000 	C:\Users\stefa\.p2\pool\plugins\org.eclipse.justj.openjdk.hotspot.jre.full.win32.x86_64_17.0.11.v20240426-1830\jre\bin\jli.dll
0x00007ffb4e160000 - 0x00007ffb4e30e000 	C:\WINDOWS\System32\USER32.dll
0x00007ffb38920000 - 0x00007ffb38bb3000 	C:\WINDOWS\WinSxS\amd64_microsoft.windows.common-controls_6595b64144ccf1df_6.0.22621.3235_none_270f74e173860f98\COMCTL32.dll
0x00007ffb4d350000 - 0x00007ffb4d3f7000 	C:\WINDOWS\System32\msvcrt.dll
0x00007ffb4d4c0000 - 0x00007ffb4d4e9000 	C:\WINDOWS\System32\GDI32.dll
0x00007ffb4caa0000 - 0x00007ffb4cbb9000 	C:\WINDOWS\System32\gdi32full.dll
0x00007ffb4ca00000 - 0x00007ffb4ca9a000 	C:\WINDOWS\System32\msvcp_win.dll
0x00007ffb4cf70000 - 0x00007ffb4cf96000 	C:\WINDOWS\System32\win32u.dll
0x00007ffb4d310000 - 0x00007ffb4d341000 	C:\WINDOWS\System32\IMM32.DLL
0x00007ffb47290000 - 0x00007ffb4729c000 	C:\Users\stefa\.p2\pool\plugins\org.eclipse.justj.openjdk.hotspot.jre.full.win32.x86_64_17.0.11.v20240426-1830\jre\bin\vcruntime140_1.dll
0x00007ffb21a80000 - 0x00007ffb21b0d000 	C:\Users\stefa\.p2\pool\plugins\org.eclipse.justj.openjdk.hotspot.jre.full.win32.x86_64_17.0.11.v20240426-1830\jre\bin\msvcp140.dll
0x00007ffabeac0000 - 0x00007ffabf722000 	C:\Users\stefa\.p2\pool\plugins\org.eclipse.justj.openjdk.hotspot.jre.full.win32.x86_64_17.0.11.v20240426-1830\jre\bin\server\jvm.dll
0x00007ffb4d400000 - 0x00007ffb4d4b2000 	C:\WINDOWS\System32\ADVAPI32.dll
0x00007ffb4e310000 - 0x00007ffb4e3b8000 	C:\WINDOWS\System32\sechost.dll
0x00007ffb4c9d0000 - 0x00007ffb4c9f8000 	C:\WINDOWS\System32\bcrypt.dll
0x00007ffb4dfd0000 - 0x00007ffb4e0e5000 	C:\WINDOWS\System32\RPCRT4.dll
0x00007ffb4c3b0000 - 0x00007ffb4c3fd000 	C:\WINDOWS\SYSTEM32\POWRPROF.dll
0x00007ffb44a70000 - 0x00007ffb44a79000 	C:\WINDOWS\SYSTEM32\WSOCK32.dll
0x00007ffb4a1f0000 - 0x00007ffb4a224000 	C:\WINDOWS\SYSTEM32\WINMM.dll
0x00007ffb4dd90000 - 0x00007ffb4de01000 	C:\WINDOWS\System32\WS2_32.dll
0x00007ffb42a40000 - 0x00007ffb42a4a000 	C:\WINDOWS\SYSTEM32\VERSION.dll
0x00007ffb4c290000 - 0x00007ffb4c2a3000 	C:\WINDOWS\SYSTEM32\UMPDC.dll
0x00007ffb4b5d0000 - 0x00007ffb4b5e8000 	C:\WINDOWS\SYSTEM32\kernel.appcore.dll
0x00007ffb44ff0000 - 0x00007ffb44ffa000 	C:\Users\stefa\.p2\pool\plugins\org.eclipse.justj.openjdk.hotspot.jre.full.win32.x86_64_17.0.11.v20240426-1830\jre\bin\jimage.dll
0x00007ffb49c00000 - 0x00007ffb49e33000 	C:\WINDOWS\SYSTEM32\DBGHELP.DLL
0x00007ffb4eea0000 - 0x00007ffb4f228000 	C:\WINDOWS\System32\combase.dll
0x00007ffb4d1e0000 - 0x00007ffb4d2b7000 	C:\WINDOWS\System32\OLEAUT32.dll
0x00007ffb34c20000 - 0x00007ffb34c52000 	C:\WINDOWS\SYSTEM32\dbgcore.DLL
0x00007ffb4c950000 - 0x00007ffb4c9c9000 	C:\WINDOWS\System32\bcryptPrimitives.dll
0x00007ffb44f80000 - 0x00007ffb44fa5000 	C:\Users\stefa\.p2\pool\plugins\org.eclipse.justj.openjdk.hotspot.jre.full.win32.x86_64_17.0.11.v20240426-1830\jre\bin\java.dll

dbghelp: loaded successfully - version: 4.0.5 - missing functions: none
symbol engine: initialized successfully - sym options: 0x614 - pdb path: .;C:\Users\stefa\.p2\pool\plugins\org.eclipse.justj.openjdk.hotspot.jre.full.win32.x86_64_17.0.11.v20240426-1830\jre\bin;C:\WINDOWS\SYSTEM32;C:\WINDOWS\WinSxS\amd64_microsoft.windows.common-controls_6595b64144ccf1df_6.0.22621.3235_none_270f74e173860f98;C:\Users\stefa\.p2\pool\plugins\org.eclipse.justj.openjdk.hotspot.jre.full.win32.x86_64_17.0.11.v20240426-1830\jre\bin\server

VM Arguments:
jvm_args: -Dfile.encoding=UTF-8 -Dstdout.encoding=UTF-8 -Dstderr.encoding=UTF-8 -XX:+ShowCodeDetailsInExceptionMessages 
java_command: org.generation.italy.MacchinettaCibo
java_class_path (initial): C:\Users\stefa\Desktop\JAITA123\JAITA-WS\MacchinettaCiboAlfieri\bin
Launcher Type: SUN_STANDARD

[Global flags]
     intx CICompilerCount                          = 4                                         {product} {ergonomic}
     uint ConcGCThreads                            = 2                                         {product} {ergonomic}
     uint G1ConcRefinementThreads                  = 8                                         {product} {ergonomic}
   size_t G1HeapRegionSize                         = 1048576                                   {product} {ergonomic}
    uintx GCDrainStackTargetSize                   = 64                                        {product} {ergonomic}
   size_t InitialHeapSize                          = 117440512                                 {product} {ergonomic}
   size_t MarkStackSize                            = 4194304                                   {product} {ergonomic}
   size_t MaxHeapSize                              = 1862270976                                {product} {ergonomic}
   size_t MinHeapDeltaBytes                        = 1048576                                   {product} {ergonomic}
   size_t MinHeapSize                              = 8388608                                   {product} {ergonomic}
    uintx NonNMethodCodeHeapSize                   = 5839372                                {pd product} {ergonomic}
    uintx NonProfiledCodeHeapSize                  = 122909434                              {pd product} {ergonomic}
    uintx ProfiledCodeHeapSize                     = 122909434                              {pd product} {ergonomic}
    uintx ReservedCodeCacheSize                    = 251658240                              {pd product} {ergonomic}
     bool SegmentedCodeCache                       = true                                      {product} {ergonomic}
     bool ShowCodeDetailsInExceptionMessages       = true                                   {manageable} {command line}
   size_t SoftMaxHeapSize                          = 1862270976                             {manageable} {ergonomic}
     bool UseCompressedClassPointers               = true                           {product lp64_product} {ergonomic}
     bool UseCompressedOops                        = true                           {product lp64_product} {ergonomic}
     bool UseG1GC                                  = true                                      {product} {ergonomic}
     bool UseLargePagesIndividualAllocation        = false                                  {pd product} {ergonomic}

Logging:
Log output configuration:
 #0: stdout all=warning uptime,level,tags
 #1: stderr all=off uptime,level,tags

Environment Variables:
JAVA_HOME=C:\java-1.8.0-openjdk-1.8.0.392-1.b08.redhat.windows.x86_64\
PATH=C:/Users/stefa/.p2/pool/plugins/org.eclipse.justj.openjdk.hotspot.jre.full.win32.x86_64_17.0.11.v20240426-1830/jre/bin/server;C:/Users/stefa/.p2/pool/plugins/org.eclipse.justj.openjdk.hotspot.jre.full.win32.x86_64_17.0.11.v20240426-1830/jre/bin;C:\WINDOWS\system32;C:\WINDOWS;C:\WINDOWS\System32\Wbem;C:\WINDOWS\System32\WindowsPowerShell\v1.0\;C:\WINDOWS\System32\OpenSSH\;C:\MinGW\bin;C:\php\8.1;C:\ProgramData\ComposerSetup\bin;C:\Program Files\MySQL\MySQL Server 8.0\bin;C:\Program Files\nodejs\;C:\java-1.8.0-openjdk-1.8.0.392-1.b08.redhat.windows.x86_64\\bin;C:\Program Files\Git\cmd;C:\Users\stefa\AppData\Local\Microsoft\WindowsApps;C:\Users\stefa\AppData\Local\JetBrains\Toolbox\scripts;C:\Users\stefa\AppData\Local\Microsoft\WindowsApps;C:\Users\stefa\AppData\Local\Programs\Microsoft VS Code\bin;C:\php\8.1;C:\Users\stefa\AppData\Roaming\Composer\vendor\bin;C:\Program Files\MySQL\MySQL Server 8.0\bin;C:\Users\stefa\AppData\Roaming\npm;C:\Users\stefa\Desktop;
USERNAME=stefa
OS=Windows_NT
PROCESSOR_IDENTIFIER=AMD64 Family 23 Model 24 Stepping 1, AuthenticAMD
TMP=C:\Users\stefa\AppData\Local\Temp
TEMP=C:\Users\stefa\AppData\Local\Temp



Periodic native trim disabled


---------------  S Y S T E M  ---------------

OS:
 Windows 11 , 64 bit Build 22621 (10.0.22621.3374)
OS uptime: 17 days 4:09 hours

CPU: total 8 (initial active 8) (8 cores per cpu, 2 threads per core) family 23 model 24 stepping 1 microcode 0x0, cx8, cmov, fxsr, ht, mmx, 3dnowpref, sse, sse2, sse3, ssse3, sse4a, sse4.1, sse4.2, popcnt, lzcnt, tsc, tscinvbit, avx, avx2, aes, clmul, bmi1, bmi2, adx, sha, fma, vzeroupper, clflush, clflushopt
Processor Information for all 8 processors :
  Max Mhz: 2100, Current Mhz: 2100, Mhz Limit: 2100

Memory: 4k page, system-wide physical 7103M (582M free)
TotalPageFile size 25366M (AvailPageFile size 70M)
current process WorkingSet (physical memory assigned to process): 11M, peak: 11M
current process commit charge ("private bytes"): 60M, peak: 172M

vm_info: OpenJDK 64-Bit Server VM (17.0.11+9) for windows-amd64 JRE (17.0.11+9), built on Apr 17 2024 06:07:48 by "admin" with MS VC++ 16.10 / 16.11 (VS2019)

END.
